<?xml version="1.0" encoding="UTF-8"?>
<testng-results total="6" passed="6" failed="0" skipped="0">
  <reporter-output>
  </reporter-output>
  <suite started-at="2020-11-05T13:50:12Z" name="Default suite" finished-at="2020-11-05T13:50:16Z" duration-ms="4102">
    <groups>
    </groups>
    <test started-at="2020-11-05T13:50:12Z" name="Default test" finished-at="2020-11-05T13:50:16Z" duration-ms="4102">
      <class name="com.selenium.TestNG1">
        <test-method is-config="true" signature="setup1()[pri:0, instance:com.selenium.TestNG1@6221a451]" started-at="2020-11-05T19:20:00Z" name="setup1" finished-at="2020-11-05T19:20:12Z" duration-ms="12772" status="PASS">
          <reporter-output>
          </reporter-output>
        </test-method> <!-- setup1 -->
        <test-method signature="doRegistration()[pri:1, instance:com.selenium.TestNG1@6221a451]" started-at="2020-11-05T19:20:12Z" name="doRegistration" finished-at="2020-11-05T19:20:13Z" duration-ms="422" status="PASS">
          <reporter-output>
          </reporter-output>
        </test-method> <!-- doRegistration -->
        <test-method signature="usingMathClass()[pri:2, instance:com.selenium.TestNG1@6221a451]" started-at="2020-11-05T19:20:13Z" name="usingMathClass" finished-at="2020-11-05T19:20:13Z" duration-ms="419" status="PASS">
          <reporter-output>
          </reporter-output>
        </test-method> <!-- usingMathClass -->
        <test-method signature="enterDate()[pri:3, instance:com.selenium.TestNG1@6221a451]" started-at="2020-11-05T19:20:13Z" name="enterDate" finished-at="2020-11-05T19:20:14Z" duration-ms="280" status="PASS">
          <reporter-output>
          </reporter-output>
        </test-method> <!-- enterDate -->
        <test-method signature="entermonth()[pri:4, instance:com.selenium.TestNG1@6221a451]" started-at="2020-11-05T19:20:14Z" name="entermonth" finished-at="2020-11-05T19:20:15Z" duration-ms="1514" status="PASS">
          <reporter-output>
          </reporter-output>
        </test-method> <!-- entermonth -->
        <test-method signature="enterYear()[pri:5, instance:com.selenium.TestNG1@6221a451]" started-at="2020-11-05T19:20:15Z" name="enterYear" finished-at="2020-11-05T19:20:16Z" duration-ms="1058" status="PASS">
          <reporter-output>
          </reporter-output>
        </test-method> <!-- enterYear -->
        <test-method signature="selectRadiobtn()[pri:6, instance:com.selenium.TestNG1@6221a451]" started-at="2020-11-05T19:20:16Z" name="selectRadiobtn" finished-at="2020-11-05T19:20:16Z" duration-ms="369" status="PASS">
          <reporter-output>
          </reporter-output>
        </test-method> <!-- selectRadiobtn -->
        <test-method is-config="true" signature="endUp()[pri:0, instance:com.selenium.TestNG1@6221a451]" started-at="2020-11-05T19:20:17Z" name="endUp" finished-at="2020-11-05T19:20:17Z" duration-ms="172" status="PASS">
          <reporter-output>
          </reporter-output>
        </test-method> <!-- endUp -->
      </class> <!-- com.selenium.TestNG1 -->
    </test> <!-- Default test -->
  </suite> <!-- Default suite -->
</testng-results>
