<?xml version="1.0" encoding="UTF-8"?>
<testng-results total="5" passed="5" failed="0" skipped="0">
  <reporter-output>
  </reporter-output>
  <suite started-at="2020-11-02T12:38:04Z" name="Default suite" finished-at="2020-11-02T12:38:08Z" duration-ms="3419">
    <groups>
    </groups>
    <test started-at="2020-11-02T12:38:04Z" name="Default test" finished-at="2020-11-02T12:38:08Z" duration-ms="3419">
      <class name="com.selenium.TestNG1">
        <test-method is-config="true" signature="setup1()[pri:0, instance:com.selenium.TestNG1@2e6a8155]" started-at="2020-11-02T18:07:53Z" name="setup1" finished-at="2020-11-02T18:08:04Z" duration-ms="11344" status="PASS">
          <reporter-output>
          </reporter-output>
        </test-method> <!-- setup1 -->
        <test-method signature="doRegistration()[pri:0, instance:com.selenium.TestNG1@2e6a8155]" started-at="2020-11-02T18:08:04Z" name="doRegistration" finished-at="2020-11-02T18:08:05Z" duration-ms="788" status="PASS">
          <reporter-output>
          </reporter-output>
        </test-method> <!-- doRegistration -->
        <test-method signature="enterDate()[pri:0, instance:com.selenium.TestNG1@2e6a8155]" started-at="2020-11-02T18:08:05Z" name="enterDate" finished-at="2020-11-02T18:08:05Z" duration-ms="215" status="PASS">
          <reporter-output>
          </reporter-output>
        </test-method> <!-- enterDate -->
        <test-method signature="enterYear()[pri:0, instance:com.selenium.TestNG1@2e6a8155]" started-at="2020-11-02T18:08:05Z" name="enterYear" finished-at="2020-11-02T18:08:06Z" duration-ms="926" status="PASS">
          <reporter-output>
          </reporter-output>
        </test-method> <!-- enterYear -->
        <test-method signature="entermonth()[pri:0, instance:com.selenium.TestNG1@2e6a8155]" started-at="2020-11-02T18:08:06Z" name="entermonth" finished-at="2020-11-02T18:08:07Z" duration-ms="1166" status="PASS">
          <reporter-output>
          </reporter-output>
        </test-method> <!-- entermonth -->
        <test-method signature="selectRadiobtn()[pri:0, instance:com.selenium.TestNG1@2e6a8155]" started-at="2020-11-02T18:08:07Z" name="selectRadiobtn" finished-at="2020-11-02T18:08:08Z" duration-ms="293" status="PASS">
          <reporter-output>
          </reporter-output>
        </test-method> <!-- selectRadiobtn -->
        <test-method is-config="true" signature="endUp()[pri:0, instance:com.selenium.TestNG1@2e6a8155]" started-at="2020-11-02T18:08:08Z" name="endUp" finished-at="2020-11-02T18:08:08Z" duration-ms="1" status="PASS">
          <reporter-output>
          </reporter-output>
        </test-method> <!-- endUp -->
      </class> <!-- com.selenium.TestNG1 -->
    </test> <!-- Default test -->
  </suite> <!-- Default suite -->
</testng-results>
