<?xml version="1.0" encoding="UTF-8"?>
<!-- Generated by org.testng.reporters.JUnitXMLReporter -->
<testsuite hostname="timus" failures="1" tests="2" name="Test" time="23.882" errors="0" timestamp="5 Nov 2020 02:20:36 GMT">
  <testcase classname="com.ListnersDemo.TestCase" name="titleVerify" time="23.801"/>
  <testcase classname="com.ListnersDemo.TestCase" name="titleVerify1" time="0.027">
    <failure type="java.lang.AssertionError" message="expected [true] but found [false]">
      <![CDATA[java.lang.AssertionError: expected [true] but found [false]
	at com.ListnersDemo.TestCase.titleVerify1(TestCase.java:37)
... Removed 28 stack frames]]>
    </failure>
  </testcase> <!-- titleVerify1 -->
</testsuite> <!-- Test -->
